<?xml version="1.0" encoding="UTF-8"?>
<testng-results skipped="0" failed="0" ignored="0" total="2" passed="2">
  <reporter-output>
  </reporter-output>
  <suite name="Default suite" duration-ms="15684" started-at="2021-03-06T09:33:49Z" finished-at="2021-03-06T09:34:04Z">
    <groups>
    </groups>
    <test name="Default test" duration-ms="15684" started-at="2021-03-06T09:33:49Z" finished-at="2021-03-06T09:34:04Z">
      <class name="Test.FlightTest">
        <test-method status="PASS" signature="beforeTest()[pri:0, instance:Test.FlightTest@47c62251]" name="beforeTest" is-config="true" duration-ms="9737" started-at="2021-03-06T09:33:49Z" finished-at="2021-03-06T09:33:58Z">
          <reporter-output>
          </reporter-output>
        </test-method> <!-- beforeTest -->
        <test-method status="PASS" signature="verifyLoginPage()[pri:1, instance:Test.FlightTest@47c62251]" name="verifyLoginPage" duration-ms="1823" started-at="2021-03-06T09:33:58Z" finished-at="2021-03-06T09:34:00Z">
          <reporter-output>
          </reporter-output>
        </test-method> <!-- verifyLoginPage -->
        <test-method status="PASS" signature="verifyFlightPage()[pri:2, instance:Test.FlightTest@47c62251]" name="verifyFlightPage" duration-ms="3895" started-at="2021-03-06T09:34:00Z" finished-at="2021-03-06T09:34:04Z">
          <reporter-output>
          </reporter-output>
        </test-method> <!-- verifyFlightPage -->
        <test-method status="PASS" signature="afterTest()[pri:0, instance:Test.FlightTest@47c62251]" name="afterTest" is-config="true" duration-ms="202" started-at="2021-03-06T09:34:04Z" finished-at="2021-03-06T09:34:04Z">
          <reporter-output>
          </reporter-output>
        </test-method> <!-- afterTest -->
      </class> <!-- Test.FlightTest -->
    </test> <!-- Default test -->
  </suite> <!-- Default suite -->
</testng-results>
