<?xml version="1.0" encoding="UTF-8"?>
<!-- Generated by org.testng.reporters.JUnitXMLReporter -->
<testsuite hostname="DESKTOP-TG2MIH6" ignored="0" name="LoginTest" tests="3" failures="1" timestamp="06 Mar 2021 03:34:21 GMT" time="17.916" errors="0">
  <testcase name="verifyLogin" time="3.027" classname="Test.LoginTest"/>
  <testcase name="verifyLogin" time="2.271" classname="Test.LoginTest"/>
  <testcase name="verifyLogin" time="4.076" classname="Test.LoginTest">
    <failure type="java.lang.AssertionError" message="expected [Login: Mercury Tours] but found [Welcome: Mercury Tours]">
      <![CDATA[java.lang.AssertionError: expected [Login: Mercury Tours] but found [Welcome: Mercury Tours]
at Test.LoginTest.verifyLogin(LoginTest.java:31)
... Removed 31 stack frames]]>
    </failure>
  </testcase> <!-- verifyLogin -->
</testsuite> <!-- LoginTest -->
