<?xml version="1.0" encoding="UTF-8"?>
<!-- Generated by org.testng.reporters.JUnitXMLReporter -->
<testsuite hostname="DESKTOP-TG2MIH6" ignored="0" name="Login" tests="3" failures="1" timestamp="04 Mar 2021 03:56:02 GMT" time="19.223" errors="0">
  <testcase name="verifyLogin" time="3.37" classname="Test.LoginTest"/>
  <testcase name="verifyLogin" time="2.189" classname="Test.LoginTest"/>
  <testcase name="verifyLogin" time="2.344" classname="Test.LoginTest">
    <failure type="java.lang.AssertionError" message="expected [Login: Mercury Tours] but found [Welcome: Mercury Tours]">
      <![CDATA[java.lang.AssertionError: expected [Login: Mercury Tours] but found [Welcome: Mercury Tours]
at Test.LoginTest.verifyLogin(LoginTest.java:28)
... Removed 31 stack frames]]>
    </failure>
  </testcase> <!-- verifyLogin -->
</testsuite> <!-- Login -->
