<?xml version="1.0" encoding="UTF-8"?>
<!-- Generated by org.testng.reporters.JUnitXMLReporter -->
<testsuite hostname="DESKTOP-TG2MIH6" ignored="0" name="Test" tests="3" failures="1" timestamp="04 Mar 2021 03:57:15 GMT" time="18.073" errors="0">
  <testcase name="verifyLogin" time="2.859" classname="Test.LoginTest"/>
  <testcase name="verifyLogin" time="2.807" classname="Test.LoginTest"/>
  <testcase name="verifyLogin" time="2.944" classname="Test.LoginTest">
    <failure type="java.lang.AssertionError" message="expected [Login: Mercury Tours] but found [Welcome: Mercury Tours]">
      <![CDATA[java.lang.AssertionError: expected [Login: Mercury Tours] but found [Welcome: Mercury Tours]
at Test.LoginTest.verifyLogin(LoginTest.java:28)
... Removed 31 stack frames]]>
    </failure>
  </testcase> <!-- verifyLogin -->
</testsuite> <!-- Test -->
